* INFO  [main]: 2015-09-25 13:02:31,618: Logger configured by file: C:\DEV\git\Aludra\cloud-manager-api\conqat\engine\conqat-2015.2\bin\..\config\logging.properties

* INFO  [main]: 2015-09-25 13:02:31,618: ConQAT 2015.2 (core 2015.2) running on Java 1.7.0_45 [Java HotSpot(TM) Client VM 24.45-b08]

* INFO  [main]: 2015-09-25 13:02:31,618: Configuring caches from file C:\DEV\git\Aludra\cloud-manager-api\conqat\engine\conqat-2015.2\bin\..\config\cache4j.config

* INFO  [main]: 2015-09-25 13:02:31,681: Loading bundle org.conqat.engine.graph 2015.2

* INFO  [main]: 2015-09-25 13:02:31,696: Loading bundle org.conqat.engine.text 2015.2

* INFO  [main]: 2015-09-25 13:02:31,696: Loading bundle org.conqat.engine.abap 2015.2

* INFO  [main]: 2015-09-25 13:02:31,696: Loading bundle org.conqat.engine.java 2015.2

* INFO  [main]: 2015-09-25 13:02:31,712: Loading bundle org.conqat.engine.blocklib 2015.2

* INFO  [main]: 2015-09-25 13:02:31,712: Loading bundle org.conqat.engine.code_clones 2015.2

* INFO  [main]: 2015-09-25 13:02:31,712: Loading bundle org.conqat.engine.persistence 2015.2

* INFO  [main]: 2015-09-25 13:02:31,712: Loading bundle org.conqat.engine.bugzilla 2015.2

* INFO  [main]: 2015-09-25 13:02:31,727: Loading bundle org.conqat.engine.resource 2015.2

* INFO  [main]: 2015-09-25 13:02:31,805: Loading bundle org.conqat.engine.architecture 2015.2

* INFO  [main]: 2015-09-25 13:02:31,821: Loading bundle org.conqat.engine.model_clones 2015.2

* INFO  [main]: 2015-09-25 13:02:31,821: Loading bundle org.conqat.engine.self 2015.2

* INFO  [main]: 2015-09-25 13:02:31,837: Loading bundle org.conqat.engine.dotnet 2015.2

* INFO  [main]: 2015-09-25 13:02:31,837: Loading bundle org.conqat.engine.simulink 2015.2

* INFO  [main]: 2015-09-25 13:02:31,852: Loading bundle org.conqat.engine.io 2015.2

* INFO  [main]: 2015-09-25 13:02:31,852: Loading bundle org.conqat.engine.commons 2015.2

* INFO  [main]: 2015-09-25 13:02:31,868: Loading bundle org.conqat.engine.sourcecode 2015.2

* INFO  [main]: 2015-09-25 13:02:31,868: Loading bundle org.conqat.engine.scripting 2015.2

* INFO  [main]: 2015-09-25 13:02:31,899: Loading bundle org.conqat.engine.cpp 2015.2

* INFO  [main]: 2015-09-25 13:02:31,899: Loading bundle org.conqat.engine.html_presentation 2015.2

* INFO  [main]: 2015-09-25 13:02:31,993: ConQAT using block 'org.conqat.engine.blocklib.architecture.JavaArchitectureAnalysis'.

* INFO  [main]: 2015-09-25 13:02:32,267: Executing processor: org.conqat.engine.blocklib.architecture.JavaArchitectureAnalysis.junit.string-default.string-constant (org.conqat.engine.blocklib.architecture.JavaArchitectureAnalysis.junit.string-default.string-constant)

* INFO  [main]: 2015-09-25 13:02:32,267: Processor 'org.conqat.engine.blocklib.architecture.JavaArchitectureAnalysis.junit.string-default.string-constant' used 0ms and 0kB. (org.conqat.engine.blocklib.architecture.JavaArchitectureAnalysis.junit.string-default.string-constant)

* INFO  [main]: 2015-09-25 13:02:32,267: Executing processor: org.conqat.engine.blocklib.architecture.JavaArchitectureAnalysis.junit.string-default.checked-optional.parameters-present-condition (org.conqat.engine.blocklib.architecture.JavaArchitectureAnalysis.junit.string-default.checked-optional.parameters-present-condition)

* INFO  [main]: 2015-09-25 13:02:32,329: Processor 'org.conqat.engine.blocklib.architecture.JavaArchitectureAnalysis.junit.string-default.checked-optional.parameters-present-condition' used 0ms and 0kB. (org.conqat.engine.blocklib.architecture.JavaArchitectureAnalysis.junit.string-default.checked-optional.parameters-present-condition)

* INFO  [main]: 2015-09-25 13:02:32,329: Executing processor: org.conqat.engine.blocklib.architecture.JavaArchitectureAnalysis.junit.string-default.pick-first (org.conqat.engine.blocklib.architecture.JavaArchitectureAnalysis.junit.string-default.pick-first)

* INFO  [main]: 2015-09-25 13:02:32,329: Processor 'org.conqat.engine.blocklib.architecture.JavaArchitectureAnalysis.junit.string-default.pick-first' used 0ms and 0kB. (org.conqat.engine.blocklib.architecture.JavaArchitectureAnalysis.junit.string-default.pick-first)

* INFO  [main]: 2015-09-25 13:02:32,329: Executing processor: org.conqat.engine.blocklib.architecture.JavaArchitectureAnalysis.junit.boolean-default.checked-optional.parameters-present-condition (org.conqat.engine.blocklib.architecture.JavaArchitectureAnalysis.junit.boolean-default.checked-optional.parameters-present-condition)

* INFO  [main]: 2015-09-25 13:02:32,438: Processor 'org.conqat.engine.blocklib.architecture.JavaArchitectureAnalysis.junit.boolean-default.checked-optional.parameters-present-condition' used 0ms and 0kB. (org.conqat.engine.blocklib.architecture.JavaArchitectureAnalysis.junit.boolean-default.checked-optional.parameters-present-condition)

* INFO  [main]: 2015-09-25 13:02:32,438: Executing processor: org.conqat.engine.blocklib.architecture.JavaArchitectureAnalysis.junit.boolean-default.boolean-constant (org.conqat.engine.blocklib.architecture.JavaArchitectureAnalysis.junit.boolean-default.boolean-constant)

* INFO  [main]: 2015-09-25 13:02:32,548: Processor 'org.conqat.engine.blocklib.architecture.JavaArchitectureAnalysis.junit.boolean-default.boolean-constant' used 0ms and 0kB. (org.conqat.engine.blocklib.architecture.JavaArchitectureAnalysis.junit.boolean-default.boolean-constant)

* INFO  [main]: 2015-09-25 13:02:32,548: Executing processor: org.conqat.engine.blocklib.architecture.JavaArchitectureAnalysis.junit.boolean-default.pick-first (org.conqat.engine.blocklib.architecture.JavaArchitectureAnalysis.junit.boolean-default.pick-first)

* INFO  [main]: 2015-09-25 13:02:32,548: Processor 'org.conqat.engine.blocklib.architecture.JavaArchitectureAnalysis.junit.boolean-default.pick-first' used 0ms and 0kB. (org.conqat.engine.blocklib.architecture.JavaArchitectureAnalysis.junit.boolean-default.pick-first)

* INFO  [main]: 2015-09-25 13:02:32,657: Executing processor: org.conqat.engine.blocklib.architecture.JavaArchitectureAnalysis.junit.source-code-scope.zip-file-condition (org.conqat.engine.blocklib.architecture.JavaArchitectureAnalysis.junit.source-code-scope.zip-file-condition)

* INFO  [main]: 2015-09-25 13:02:32,657: Processor 'org.conqat.engine.blocklib.architecture.JavaArchitectureAnalysis.junit.source-code-scope.zip-file-condition' used 0ms and 0kB. (org.conqat.engine.blocklib.architecture.JavaArchitectureAnalysis.junit.source-code-scope.zip-file-condition)

* INFO  [main]: 2015-09-25 13:02:32,657: Executing processor: org.conqat.engine.blocklib.architecture.JavaArchitectureAnalysis.junit.source-code-scope.file-system-scope (org.conqat.engine.blocklib.architecture.JavaArchitectureAnalysis.junit.source-code-scope.file-system-scope)

* INFO  [main]: 2015-09-25 13:02:32,766: Included patterns: 1 (org.conqat.engine.blocklib.architecture.JavaArchitectureAnalysis.junit.source-code-scope.file-system-scope)

* INFO  [main]: 2015-09-25 13:02:32,766: Excluded patterns: 2 (org.conqat.engine.blocklib.architecture.JavaArchitectureAnalysis.junit.source-code-scope.file-system-scope)

* INFO  [main]: 2015-09-25 13:02:33,004: Included files: 61 (org.conqat.engine.blocklib.architecture.JavaArchitectureAnalysis.junit.source-code-scope.file-system-scope)

* INFO  [main]: 2015-09-25 13:02:33,004: Processor 'org.conqat.engine.blocklib.architecture.JavaArchitectureAnalysis.junit.source-code-scope.file-system-scope' used 238ms and 0kB. (org.conqat.engine.blocklib.architecture.JavaArchitectureAnalysis.junit.source-code-scope.file-system-scope)

* INFO  [main]: 2015-09-25 13:02:33,004: Executing processor: org.conqat.engine.blocklib.architecture.JavaArchitectureAnalysis.junit.byte-code-scope.zip-file-condition (org.conqat.engine.blocklib.architecture.JavaArchitectureAnalysis.junit.byte-code-scope.zip-file-condition)

* INFO  [main]: 2015-09-25 13:02:33,097: Processor 'org.conqat.engine.blocklib.architecture.JavaArchitectureAnalysis.junit.byte-code-scope.zip-file-condition' used 0ms and 0kB. (org.conqat.engine.blocklib.architecture.JavaArchitectureAnalysis.junit.byte-code-scope.zip-file-condition)

* INFO  [main]: 2015-09-25 13:02:33,097: Executing processor: org.conqat.engine.blocklib.architecture.JavaArchitectureAnalysis.junit.byte-code-scope.file-system-scope (org.conqat.engine.blocklib.architecture.JavaArchitectureAnalysis.junit.byte-code-scope.file-system-scope)

* INFO  [main]: 2015-09-25 13:02:33,097: Included patterns: 1 (org.conqat.engine.blocklib.architecture.JavaArchitectureAnalysis.junit.byte-code-scope.file-system-scope)

* INFO  [main]: 2015-09-25 13:02:33,727: Included files: 2208 (org.conqat.engine.blocklib.architecture.JavaArchitectureAnalysis.junit.byte-code-scope.file-system-scope)

* INFO  [main]: 2015-09-25 13:02:33,727: Processor 'org.conqat.engine.blocklib.architecture.JavaArchitectureAnalysis.junit.byte-code-scope.file-system-scope' used 630ms and 0kB. (org.conqat.engine.blocklib.architecture.JavaArchitectureAnalysis.junit.byte-code-scope.file-system-scope)

* INFO  [main]: 2015-09-25 13:02:33,727: Executing processor: org.conqat.engine.blocklib.architecture.JavaArchitectureAnalysis.junit.java-element-factory (org.conqat.engine.blocklib.architecture.JavaArchitectureAnalysis.junit.java-element-factory)

* INFO  [main]: 2015-09-25 13:02:34,020: Processor 'org.conqat.engine.blocklib.architecture.JavaArchitectureAnalysis.junit.java-element-factory' used 261ms and 0kB. (org.conqat.engine.blocklib.architecture.JavaArchitectureAnalysis.junit.java-element-factory)

* INFO  [main]: 2015-09-25 13:02:34,020: Executing processor: org.conqat.engine.blocklib.architecture.JavaArchitectureAnalysis.junit.resource-builder (org.conqat.engine.blocklib.architecture.JavaArchitectureAnalysis.junit.resource-builder)

* INFO  [main]: 2015-09-25 13:02:34,108: Processor 'org.conqat.engine.blocklib.architecture.JavaArchitectureAnalysis.junit.resource-builder' used 88ms and 0kB. (org.conqat.engine.blocklib.architecture.JavaArchitectureAnalysis.junit.resource-builder)

* INFO  [main]: 2015-09-25 13:02:34,108: Executing processor: org.conqat.engine.blocklib.architecture.JavaArchitectureAnalysis.junit.java-resource-selector (org.conqat.engine.blocklib.architecture.JavaArchitectureAnalysis.junit.java-resource-selector)

* INFO  [main]: 2015-09-25 13:02:34,114: Processor 'org.conqat.engine.blocklib.architecture.JavaArchitectureAnalysis.junit.java-resource-selector' used 6ms and 0kB. (org.conqat.engine.blocklib.architecture.JavaArchitectureAnalysis.junit.java-resource-selector)

* INFO  [main]: 2015-09-25 13:02:34,193: Executing processor: org.conqat.engine.blocklib.architecture.JavaArchitectureAnalysis.ignore-patterns (org.conqat.engine.blocklib.architecture.JavaArchitectureAnalysis.ignore-patterns)

* INFO  [main]: 2015-09-25 13:02:34,193: Processor 'org.conqat.engine.blocklib.architecture.JavaArchitectureAnalysis.ignore-patterns' used 0ms and 0kB. (org.conqat.engine.blocklib.architecture.JavaArchitectureAnalysis.ignore-patterns)

* INFO  [main]: 2015-09-25 13:02:34,193: Executing processor: org.conqat.engine.blocklib.architecture.JavaArchitectureAnalysis.dependencies (org.conqat.engine.blocklib.architecture.JavaArchitectureAnalysis.dependencies)

* INFO  [main]: 2015-09-25 13:02:34,296: Processor 'org.conqat.engine.blocklib.architecture.JavaArchitectureAnalysis.dependencies' used 103ms and 0kB. (org.conqat.engine.blocklib.architecture.JavaArchitectureAnalysis.dependencies)

* INFO  [main]: 2015-09-25 13:02:34,296: Executing processor: org.conqat.engine.blocklib.architecture.JavaArchitectureAnalysis.architecture-assessment.pattern.string-constant (org.conqat.engine.blocklib.architecture.JavaArchitectureAnalysis.architecture-assessment.pattern.string-constant)

* INFO  [main]: 2015-09-25 13:02:34,296: Processor 'org.conqat.engine.blocklib.architecture.JavaArchitectureAnalysis.architecture-assessment.pattern.string-constant' used 0ms and 0kB. (org.conqat.engine.blocklib.architecture.JavaArchitectureAnalysis.architecture-assessment.pattern.string-constant)

* INFO  [main]: 2015-09-25 13:02:34,364: Executing processor: org.conqat.engine.blocklib.architecture.JavaArchitectureAnalysis.architecture-assessment.pattern.checked-optional.parameters-present-condition (org.conqat.engine.blocklib.architecture.JavaArchitectureAnalysis.architecture-assessment.pattern.checked-optional.parameters-present-condition)

* INFO  [main]: 2015-09-25 13:02:34,365: Processor 'org.conqat.engine.blocklib.architecture.JavaArchitectureAnalysis.architecture-assessment.pattern.checked-optional.parameters-present-condition' used 0ms and 0kB. (org.conqat.engine.blocklib.architecture.JavaArchitectureAnalysis.architecture-assessment.pattern.checked-optional.parameters-present-condition)

* INFO  [main]: 2015-09-25 13:02:34,505: Executing processor: org.conqat.engine.blocklib.architecture.JavaArchitectureAnalysis.architecture-assessment.pattern.pick-first (org.conqat.engine.blocklib.architecture.JavaArchitectureAnalysis.architecture-assessment.pattern.pick-first)

* INFO  [main]: 2015-09-25 13:02:34,505: Processor 'org.conqat.engine.blocklib.architecture.JavaArchitectureAnalysis.architecture-assessment.pattern.pick-first' used 0ms and 0kB. (org.conqat.engine.blocklib.architecture.JavaArchitectureAnalysis.architecture-assessment.pattern.pick-first)

* INFO  [main]: 2015-09-25 13:02:34,505: Executing processor: org.conqat.engine.blocklib.architecture.JavaArchitectureAnalysis.architecture-assessment.user-log-layouter (org.conqat.engine.blocklib.architecture.JavaArchitectureAnalysis.architecture-assessment.user-log-layouter)

* INFO  [main]: 2015-09-25 13:02:34,731: Processor 'org.conqat.engine.blocklib.architecture.JavaArchitectureAnalysis.architecture-assessment.user-log-layouter' used 124ms and 0kB. (org.conqat.engine.blocklib.architecture.JavaArchitectureAnalysis.architecture-assessment.user-log-layouter)

* INFO  [main]: 2015-09-25 13:02:34,731: Executing processor: org.conqat.engine.blocklib.architecture.JavaArchitectureAnalysis.architecture-assessment.false.checked-optional.parameters-present-condition (org.conqat.engine.blocklib.architecture.JavaArchitectureAnalysis.architecture-assessment.false.checked-optional.parameters-present-condition)

* INFO  [main]: 2015-09-25 13:02:34,788: Processor 'org.conqat.engine.blocklib.architecture.JavaArchitectureAnalysis.architecture-assessment.false.checked-optional.parameters-present-condition' used 0ms and 0kB. (org.conqat.engine.blocklib.architecture.JavaArchitectureAnalysis.architecture-assessment.false.checked-optional.parameters-present-condition)

* INFO  [main]: 2015-09-25 13:02:34,788: Executing processor: org.conqat.engine.blocklib.architecture.JavaArchitectureAnalysis.architecture-assessment.false.boolean-constant (org.conqat.engine.blocklib.architecture.JavaArchitectureAnalysis.architecture-assessment.false.boolean-constant)

* INFO  [main]: 2015-09-25 13:02:34,789: Processor 'org.conqat.engine.blocklib.architecture.JavaArchitectureAnalysis.architecture-assessment.false.boolean-constant' used 0ms and 0kB. (org.conqat.engine.blocklib.architecture.JavaArchitectureAnalysis.architecture-assessment.false.boolean-constant)

* INFO  [main]: 2015-09-25 13:02:34,789: Executing processor: org.conqat.engine.blocklib.architecture.JavaArchitectureAnalysis.architecture-assessment.false.pick-first (org.conqat.engine.blocklib.architecture.JavaArchitectureAnalysis.architecture-assessment.false.pick-first)

* INFO  [main]: 2015-09-25 13:02:34,790: Processor 'org.conqat.engine.blocklib.architecture.JavaArchitectureAnalysis.architecture-assessment.false.pick-first' used 0ms and 0kB. (org.conqat.engine.blocklib.architecture.JavaArchitectureAnalysis.architecture-assessment.false.pick-first)

* INFO  [main]: 2015-09-25 13:02:34,790: Executing processor: org.conqat.engine.blocklib.architecture.JavaArchitectureAnalysis.architecture-assessment.dependencies-filename.string-constant (org.conqat.engine.blocklib.architecture.JavaArchitectureAnalysis.architecture-assessment.dependencies-filename.string-constant)

* INFO  [main]: 2015-09-25 13:02:34,791: Processor 'org.conqat.engine.blocklib.architecture.JavaArchitectureAnalysis.architecture-assessment.dependencies-filename.string-constant' used 0ms and 0kB. (org.conqat.engine.blocklib.architecture.JavaArchitectureAnalysis.architecture-assessment.dependencies-filename.string-constant)

* INFO  [main]: 2015-09-25 13:02:34,792: Executing processor: org.conqat.engine.blocklib.architecture.JavaArchitectureAnalysis.architecture-assessment.dependencies-filename.checked-optional.parameters-present-condition (org.conqat.engine.blocklib.architecture.JavaArchitectureAnalysis.architecture-assessment.dependencies-filename.checked-optional.parameters-present-condition)

* INFO  [main]: 2015-09-25 13:02:34,793: Processor 'org.conqat.engine.blocklib.architecture.JavaArchitectureAnalysis.architecture-assessment.dependencies-filename.checked-optional.parameters-present-condition' used 0ms and 0kB. (org.conqat.engine.blocklib.architecture.JavaArchitectureAnalysis.architecture-assessment.dependencies-filename.checked-optional.parameters-present-condition)

* INFO  [main]: 2015-09-25 13:02:34,793: Executing processor: org.conqat.engine.blocklib.architecture.JavaArchitectureAnalysis.architecture-assessment.dependencies-filename.pick-first (org.conqat.engine.blocklib.architecture.JavaArchitectureAnalysis.architecture-assessment.dependencies-filename.pick-first)

* INFO  [main]: 2015-09-25 13:02:34,794: Processor 'org.conqat.engine.blocklib.architecture.JavaArchitectureAnalysis.architecture-assessment.dependencies-filename.pick-first' used 1ms and 0kB. (org.conqat.engine.blocklib.architecture.JavaArchitectureAnalysis.architecture-assessment.dependencies-filename.pick-first)

* INFO  [main]: 2015-09-25 13:02:34,794: Executing processor: org.conqat.engine.blocklib.architecture.JavaArchitectureAnalysis.architecture-assessment.concatenator (org.conqat.engine.blocklib.architecture.JavaArchitectureAnalysis.architecture-assessment.concatenator)

* INFO  [main]: 2015-09-25 13:02:34,795: Processor 'org.conqat.engine.blocklib.architecture.JavaArchitectureAnalysis.architecture-assessment.concatenator' used 0ms and 0kB. (org.conqat.engine.blocklib.architecture.JavaArchitectureAnalysis.architecture-assessment.concatenator)

* INFO  [main]: 2015-09-25 13:02:34,802: Executing processor: org.conqat.engine.blocklib.architecture.JavaArchitectureAnalysis.architecture-assessment.dependencies-extractor (org.conqat.engine.blocklib.architecture.JavaArchitectureAnalysis.architecture-assessment.dependencies-extractor)

* INFO  [main]: 2015-09-25 13:02:34,811: Processor 'org.conqat.engine.blocklib.architecture.JavaArchitectureAnalysis.architecture-assessment.dependencies-extractor' used 9ms and 0kB. (org.conqat.engine.blocklib.architecture.JavaArchitectureAnalysis.architecture-assessment.dependencies-extractor)

* INFO  [main]: 2015-09-25 13:02:34,813: Executing processor: org.conqat.engine.blocklib.architecture.JavaArchitectureAnalysis.architecture-assessment.finding-report-writer (org.conqat.engine.blocklib.architecture.JavaArchitectureAnalysis.architecture-assessment.finding-report-writer)

* INFO  [main]: 2015-09-25 13:02:34,937: Processor 'org.conqat.engine.blocklib.architecture.JavaArchitectureAnalysis.architecture-assessment.finding-report-writer' used 32ms and 0kB. (org.conqat.engine.blocklib.architecture.JavaArchitectureAnalysis.architecture-assessment.finding-report-writer)

* INFO  [main]: 2015-09-25 13:02:34,937: Executing processor: org.conqat.engine.blocklib.architecture.JavaArchitectureAnalysis.architecture-assessment.boolean-default.checked-optional.parameters-present-condition (org.conqat.engine.blocklib.architecture.JavaArchitectureAnalysis.architecture-assessment.boolean-default.checked-optional.parameters-present-condition)

* INFO  [main]: 2015-09-25 13:02:35,026: Processor 'org.conqat.engine.blocklib.architecture.JavaArchitectureAnalysis.architecture-assessment.boolean-default.checked-optional.parameters-present-condition' used 0ms and 0kB. (org.conqat.engine.blocklib.architecture.JavaArchitectureAnalysis.architecture-assessment.boolean-default.checked-optional.parameters-present-condition)

* INFO  [main]: 2015-09-25 13:02:35,026: Executing processor: org.conqat.engine.blocklib.architecture.JavaArchitectureAnalysis.architecture-assessment.boolean-default.boolean-constant (org.conqat.engine.blocklib.architecture.JavaArchitectureAnalysis.architecture-assessment.boolean-default.boolean-constant)

* INFO  [main]: 2015-09-25 13:02:35,026: Processor 'org.conqat.engine.blocklib.architecture.JavaArchitectureAnalysis.architecture-assessment.boolean-default.boolean-constant' used 0ms and 0kB. (org.conqat.engine.blocklib.architecture.JavaArchitectureAnalysis.architecture-assessment.boolean-default.boolean-constant)

* INFO  [main]: 2015-09-25 13:02:35,026: Executing processor: org.conqat.engine.blocklib.architecture.JavaArchitectureAnalysis.architecture-assessment.boolean-default.pick-first (org.conqat.engine.blocklib.architecture.JavaArchitectureAnalysis.architecture-assessment.boolean-default.pick-first)

* INFO  [main]: 2015-09-25 13:02:35,140: Processor 'org.conqat.engine.blocklib.architecture.JavaArchitectureAnalysis.architecture-assessment.boolean-default.pick-first' used 0ms and 0kB. (org.conqat.engine.blocklib.architecture.JavaArchitectureAnalysis.architecture-assessment.boolean-default.pick-first)

* INFO  [main]: 2015-09-25 13:02:35,140: Executing processor: org.conqat.engine.blocklib.architecture.JavaArchitectureAnalysis.architecture-assessment.assessment-filename.string-constant (org.conqat.engine.blocklib.architecture.JavaArchitectureAnalysis.architecture-assessment.assessment-filename.string-constant)

* INFO  [main]: 2015-09-25 13:02:35,240: Processor 'org.conqat.engine.blocklib.architecture.JavaArchitectureAnalysis.architecture-assessment.assessment-filename.string-constant' used 0ms and 0kB. (org.conqat.engine.blocklib.architecture.JavaArchitectureAnalysis.architecture-assessment.assessment-filename.string-constant)

* INFO  [main]: 2015-09-25 13:02:35,240: Executing processor: org.conqat.engine.blocklib.architecture.JavaArchitectureAnalysis.architecture-assessment.assessment-filename.checked-optional.parameters-present-condition (org.conqat.engine.blocklib.architecture.JavaArchitectureAnalysis.architecture-assessment.assessment-filename.checked-optional.parameters-present-condition)

* INFO  [main]: 2015-09-25 13:02:35,240: Processor 'org.conqat.engine.blocklib.architecture.JavaArchitectureAnalysis.architecture-assessment.assessment-filename.checked-optional.parameters-present-condition' used 0ms and 0kB. (org.conqat.engine.blocklib.architecture.JavaArchitectureAnalysis.architecture-assessment.assessment-filename.checked-optional.parameters-present-condition)

* INFO  [main]: 2015-09-25 13:02:35,240: Executing processor: org.conqat.engine.blocklib.architecture.JavaArchitectureAnalysis.architecture-assessment.assessment-filename.pick-first (org.conqat.engine.blocklib.architecture.JavaArchitectureAnalysis.architecture-assessment.assessment-filename.pick-first)

* INFO  [main]: 2015-09-25 13:02:35,349: Processor 'org.conqat.engine.blocklib.architecture.JavaArchitectureAnalysis.architecture-assessment.assessment-filename.pick-first' used 0ms and 0kB. (org.conqat.engine.blocklib.architecture.JavaArchitectureAnalysis.architecture-assessment.assessment-filename.pick-first)

* INFO  [main]: 2015-09-25 13:02:35,349: Executing processor: org.conqat.engine.blocklib.architecture.JavaArchitectureAnalysis.architecture-assessment.architecture (org.conqat.engine.blocklib.architecture.JavaArchitectureAnalysis.architecture-assessment.architecture)

* INFO  [main]: 2015-09-25 13:02:35,465: Processor 'org.conqat.engine.blocklib.architecture.JavaArchitectureAnalysis.architecture-assessment.architecture' used 44ms and 0kB. (org.conqat.engine.blocklib.architecture.JavaArchitectureAnalysis.architecture-assessment.architecture)

* INFO  [main]: 2015-09-25 13:02:35,466: Executing processor: org.conqat.engine.blocklib.architecture.JavaArchitectureAnalysis.architecture-assessment.architecture-analyzer (org.conqat.engine.blocklib.architecture.JavaArchitectureAnalysis.architecture-assessment.architecture-analyzer)

* INFO  [main]: 2015-09-25 13:02:35,477: Dependencies: 26 (org.conqat.engine.blocklib.architecture.JavaArchitectureAnalysis.architecture-assessment.architecture-analyzer)

* INFO  [main]: 2015-09-25 13:02:35,522: Processor 'org.conqat.engine.blocklib.architecture.JavaArchitectureAnalysis.architecture-assessment.architecture-analyzer' used 56ms and 0kB. (org.conqat.engine.blocklib.architecture.JavaArchitectureAnalysis.architecture-assessment.architecture-analyzer)

* INFO  [main]: 2015-09-25 13:02:35,522: Executing processor: org.conqat.engine.blocklib.architecture.JavaArchitectureAnalysis.architecture-assessment.display-list-editor3 (org.conqat.engine.blocklib.architecture.JavaArchitectureAnalysis.architecture-assessment.display-list-editor3)

* INFO  [main]: 2015-09-25 13:02:35,622: Processor 'org.conqat.engine.blocklib.architecture.JavaArchitectureAnalysis.architecture-assessment.display-list-editor3' used 1ms and 0kB. (org.conqat.engine.blocklib.architecture.JavaArchitectureAnalysis.architecture-assessment.display-list-editor3)

* INFO  [main]: 2015-09-25 13:02:35,626: Executing processor: org.conqat.engine.blocklib.architecture.JavaArchitectureAnalysis.architecture-assessment.display-list-editor (org.conqat.engine.blocklib.architecture.JavaArchitectureAnalysis.architecture-assessment.display-list-editor)

* INFO  [main]: 2015-09-25 13:02:35,721: Processor 'org.conqat.engine.blocklib.architecture.JavaArchitectureAnalysis.architecture-assessment.display-list-editor' used 0ms and 0kB. (org.conqat.engine.blocklib.architecture.JavaArchitectureAnalysis.architecture-assessment.display-list-editor)

* INFO  [main]: 2015-09-25 13:02:35,722: Executing processor: org.conqat.engine.blocklib.architecture.JavaArchitectureAnalysis.architecture-assessment.collection-value-size-processor (org.conqat.engine.blocklib.architecture.JavaArchitectureAnalysis.architecture-assessment.collection-value-size-processor)

* INFO  [main]: 2015-09-25 13:02:35,855: Processor 'org.conqat.engine.blocklib.architecture.JavaArchitectureAnalysis.architecture-assessment.collection-value-size-processor' used 0ms and 0kB. (org.conqat.engine.blocklib.architecture.JavaArchitectureAnalysis.architecture-assessment.collection-value-size-processor)

* INFO  [main]: 2015-09-25 13:02:35,855: Executing processor: org.conqat.engine.blocklib.architecture.JavaArchitectureAnalysis.architecture-assessment.tree-table-layouter (org.conqat.engine.blocklib.architecture.JavaArchitectureAnalysis.architecture-assessment.tree-table-layouter)

* INFO  [main]: 2015-09-25 13:02:35,964: Processor 'org.conqat.engine.blocklib.architecture.JavaArchitectureAnalysis.architecture-assessment.tree-table-layouter' used 0ms and 0kB. (org.conqat.engine.blocklib.architecture.JavaArchitectureAnalysis.architecture-assessment.tree-table-layouter)

* INFO  [main]: 2015-09-25 13:02:35,964: Executing processor: org.conqat.engine.blocklib.architecture.JavaArchitectureAnalysis.architecture-assessment.assessment-file-writer-processor (org.conqat.engine.blocklib.architecture.JavaArchitectureAnalysis.architecture-assessment.assessment-file-writer-processor)

* INFO  [main]: 2015-09-25 13:02:36,120: Processor 'org.conqat.engine.blocklib.architecture.JavaArchitectureAnalysis.architecture-assessment.assessment-file-writer-processor' used 47ms and 0kB. (org.conqat.engine.blocklib.architecture.JavaArchitectureAnalysis.architecture-assessment.assessment-file-writer-processor)

* INFO  [main]: 2015-09-25 13:02:36,136: Executing processor: org.conqat.engine.blocklib.architecture.JavaArchitectureAnalysis.architecture-assessment.architecture-layouter-chain3.policy-list-creator (org.conqat.engine.blocklib.architecture.JavaArchitectureAnalysis.architecture-assessment.architecture-layouter-chain3.policy-list-creator)

* INFO  [main]: 2015-09-25 13:02:36,183: Processor 'org.conqat.engine.blocklib.architecture.JavaArchitectureAnalysis.architecture-assessment.architecture-layouter-chain3.policy-list-creator' used 0ms and 0kB. (org.conqat.engine.blocklib.architecture.JavaArchitectureAnalysis.architecture-assessment.architecture-layouter-chain3.policy-list-creator)

* INFO  [main]: 2015-09-25 13:02:36,183: Executing processor: org.conqat.engine.blocklib.architecture.JavaArchitectureAnalysis.architecture-assessment.architecture-layouter-chain3.table-layouter (org.conqat.engine.blocklib.architecture.JavaArchitectureAnalysis.architecture-assessment.architecture-layouter-chain3.table-layouter)

* INFO  [main]: 2015-09-25 13:02:36,292: Processor 'org.conqat.engine.blocklib.architecture.JavaArchitectureAnalysis.architecture-assessment.architecture-layouter-chain3.table-layouter' used 0ms and 0kB. (org.conqat.engine.blocklib.architecture.JavaArchitectureAnalysis.architecture-assessment.architecture-layouter-chain3.table-layouter)

* INFO  [main]: 2015-09-25 13:02:36,292: Executing processor: org.conqat.engine.blocklib.architecture.JavaArchitectureAnalysis.architecture-assessment.architecture-layouter-chain3.assessment-link-layouter (org.conqat.engine.blocklib.architecture.JavaArchitectureAnalysis.architecture-assessment.architecture-layouter-chain3.assessment-link-layouter)

* INFO  [main]: 2015-09-25 13:02:36,401: Processor 'org.conqat.engine.blocklib.architecture.JavaArchitectureAnalysis.architecture-assessment.architecture-layouter-chain3.assessment-link-layouter' used 0ms and 0kB. (org.conqat.engine.blocklib.architecture.JavaArchitectureAnalysis.architecture-assessment.architecture-layouter-chain3.assessment-link-layouter)

* INFO  [main]: 2015-09-25 13:02:36,401: Executing processor: org.conqat.engine.blocklib.architecture.JavaArchitectureAnalysis.architecture-assessment.architecture-layouter-chain3.architecture-link-layouter (org.conqat.engine.blocklib.architecture.JavaArchitectureAnalysis.architecture-assessment.architecture-layouter-chain3.architecture-link-layouter)

* INFO  [main]: 2015-09-25 13:02:36,510: Processor 'org.conqat.engine.blocklib.architecture.JavaArchitectureAnalysis.architecture-assessment.architecture-layouter-chain3.architecture-link-layouter' used 0ms and 0kB. (org.conqat.engine.blocklib.architecture.JavaArchitectureAnalysis.architecture-assessment.architecture-layouter-chain3.architecture-link-layouter)

* INFO  [main]: 2015-09-25 13:02:36,526: Executing processor: org.conqat.engine.blocklib.architecture.JavaArchitectureAnalysis.architecture-assessment.architecture-layouter-chain3.architecture-layouter2.true.checked-optional.parameters-present-condition (org.conqat.engine.blocklib.architecture.JavaArchitectureAnalysis.architecture-assessment.architecture-layouter-chain3.architecture-layouter2.true.checked-optional.parameters-present-condition)

* INFO  [main]: 2015-09-25 13:02:36,619: Processor 'org.conqat.engine.blocklib.architecture.JavaArchitectureAnalysis.architecture-assessment.architecture-layouter-chain3.architecture-layouter2.true.checked-optional.parameters-present-condition' used 0ms and 0kB. (org.conqat.engine.blocklib.architecture.JavaArchitectureAnalysis.architecture-assessment.architecture-layouter-chain3.architecture-layouter2.true.checked-optional.parameters-present-condition)

* INFO  [main]: 2015-09-25 13:02:36,619: Executing processor: org.conqat.engine.blocklib.architecture.JavaArchitectureAnalysis.architecture-assessment.architecture-layouter-chain3.architecture-layouter2.true.boolean-constant (org.conqat.engine.blocklib.architecture.JavaArchitectureAnalysis.architecture-assessment.architecture-layouter-chain3.architecture-layouter2.true.boolean-constant)

* INFO  [main]: 2015-09-25 13:02:36,728: Processor 'org.conqat.engine.blocklib.architecture.JavaArchitectureAnalysis.architecture-assessment.architecture-layouter-chain3.architecture-layouter2.true.boolean-constant' used 0ms and 0kB. (org.conqat.engine.blocklib.architecture.JavaArchitectureAnalysis.architecture-assessment.architecture-layouter-chain3.architecture-layouter2.true.boolean-constant)

* INFO  [main]: 2015-09-25 13:02:36,728: Executing processor: org.conqat.engine.blocklib.architecture.JavaArchitectureAnalysis.architecture-assessment.architecture-layouter-chain3.architecture-layouter2.true.pick-first (org.conqat.engine.blocklib.architecture.JavaArchitectureAnalysis.architecture-assessment.architecture-layouter-chain3.architecture-layouter2.true.pick-first)

* INFO  [main]: 2015-09-25 13:02:36,728: Processor 'org.conqat.engine.blocklib.architecture.JavaArchitectureAnalysis.architecture-assessment.architecture-layouter-chain3.architecture-layouter2.true.pick-first' used 0ms and 0kB. (org.conqat.engine.blocklib.architecture.JavaArchitectureAnalysis.architecture-assessment.architecture-layouter-chain3.architecture-layouter2.true.pick-first)

* INFO  [main]: 2015-09-25 13:02:36,728: Executing processor: org.conqat.engine.blocklib.architecture.JavaArchitectureAnalysis.architecture-assessment.architecture-layouter-chain3.architecture-layouter2.component-info-annotator (org.conqat.engine.blocklib.architecture.JavaArchitectureAnalysis.architecture-assessment.architecture-layouter-chain3.architecture-layouter2.component-info-annotator)

* INFO  [main]: 2015-09-25 13:02:36,728: Processor 'org.conqat.engine.blocklib.architecture.JavaArchitectureAnalysis.architecture-assessment.architecture-layouter-chain3.architecture-layouter2.component-info-annotator' used 0ms and 0kB. (org.conqat.engine.blocklib.architecture.JavaArchitectureAnalysis.architecture-assessment.architecture-layouter-chain3.architecture-layouter2.component-info-annotator)

* INFO  [main]: 2015-09-25 13:02:36,728: Executing processor: org.conqat.engine.blocklib.architecture.JavaArchitectureAnalysis.architecture-assessment.architecture-layouter-chain3.architecture-layouter2.architecture-image-creator (org.conqat.engine.blocklib.architecture.JavaArchitectureAnalysis.architecture-assessment.architecture-layouter-chain3.architecture-layouter2.architecture-image-creator)

* INFO  [main]: 2015-09-25 13:02:36,728: Processor 'org.conqat.engine.blocklib.architecture.JavaArchitectureAnalysis.architecture-assessment.architecture-layouter-chain3.architecture-layouter2.architecture-image-creator' used 0ms and 0kB. (org.conqat.engine.blocklib.architecture.JavaArchitectureAnalysis.architecture-assessment.architecture-layouter-chain3.architecture-layouter2.architecture-image-creator)

* INFO  [main]: 2015-09-25 13:02:36,728: Executing processor: org.conqat.engine.blocklib.architecture.JavaArchitectureAnalysis.architecture-assessment.architecture-layouter-chain3.architecture-layouter2.html-image-renderer (org.conqat.engine.blocklib.architecture.JavaArchitectureAnalysis.architecture-assessment.architecture-layouter-chain3.architecture-layouter2.html-image-renderer)

* INFO  [main]: 2015-09-25 13:02:36,838: Writing target\site\conqat\images\[000006].png (org.conqat.engine.blocklib.architecture.JavaArchitectureAnalysis.architecture-assessment.architecture-layouter-chain3.architecture-layouter2.html-image-renderer)

* INFO  [main]: 2015-09-25 13:02:37,118: Processor 'org.conqat.engine.blocklib.architecture.JavaArchitectureAnalysis.architecture-assessment.architecture-layouter-chain3.architecture-layouter2.html-image-renderer' used 280ms and 8.568kB. (org.conqat.engine.blocklib.architecture.JavaArchitectureAnalysis.architecture-assessment.architecture-layouter-chain3.architecture-layouter2.html-image-renderer)

* INFO  [main]: 2015-09-25 13:02:37,118: Executing processor: org.conqat.engine.blocklib.architecture.JavaArchitectureAnalysis.architecture-assessment.architecture-layouter-chain3.page-merge-layouter (org.conqat.engine.blocklib.architecture.JavaArchitectureAnalysis.architecture-assessment.architecture-layouter-chain3.page-merge-layouter)

* INFO  [main]: 2015-09-25 13:02:37,165: Processor 'org.conqat.engine.blocklib.architecture.JavaArchitectureAnalysis.architecture-assessment.architecture-layouter-chain3.page-merge-layouter' used 0ms and 0kB. (org.conqat.engine.blocklib.architecture.JavaArchitectureAnalysis.architecture-assessment.architecture-layouter-chain3.page-merge-layouter)

* INFO  [main]: 2015-09-25 13:02:37,165: Executing processor: org.conqat.engine.blocklib.architecture.JavaArchitectureAnalysis.architecture-assessment.architecture-layouter-chain2.policy-list-creator (org.conqat.engine.blocklib.architecture.JavaArchitectureAnalysis.architecture-assessment.architecture-layouter-chain2.policy-list-creator)

* INFO  [main]: 2015-09-25 13:02:37,274: Processor 'org.conqat.engine.blocklib.architecture.JavaArchitectureAnalysis.architecture-assessment.architecture-layouter-chain2.policy-list-creator' used 0ms and 0kB. (org.conqat.engine.blocklib.architecture.JavaArchitectureAnalysis.architecture-assessment.architecture-layouter-chain2.policy-list-creator)

* INFO  [main]: 2015-09-25 13:02:37,274: Executing processor: org.conqat.engine.blocklib.architecture.JavaArchitectureAnalysis.architecture-assessment.architecture-layouter-chain2.table-layouter (org.conqat.engine.blocklib.architecture.JavaArchitectureAnalysis.architecture-assessment.architecture-layouter-chain2.table-layouter)

* INFO  [main]: 2015-09-25 13:02:37,384: Processor 'org.conqat.engine.blocklib.architecture.JavaArchitectureAnalysis.architecture-assessment.architecture-layouter-chain2.table-layouter' used 0ms and 0kB. (org.conqat.engine.blocklib.architecture.JavaArchitectureAnalysis.architecture-assessment.architecture-layouter-chain2.table-layouter)

* INFO  [main]: 2015-09-25 13:02:37,384: Executing processor: org.conqat.engine.blocklib.architecture.JavaArchitectureAnalysis.architecture-assessment.architecture-layouter-chain2.assessment-link-layouter (org.conqat.engine.blocklib.architecture.JavaArchitectureAnalysis.architecture-assessment.architecture-layouter-chain2.assessment-link-layouter)

* INFO  [main]: 2015-09-25 13:02:37,493: Processor 'org.conqat.engine.blocklib.architecture.JavaArchitectureAnalysis.architecture-assessment.architecture-layouter-chain2.assessment-link-layouter' used 0ms and 0kB. (org.conqat.engine.blocklib.architecture.JavaArchitectureAnalysis.architecture-assessment.architecture-layouter-chain2.assessment-link-layouter)

* INFO  [main]: 2015-09-25 13:02:37,493: Executing processor: org.conqat.engine.blocklib.architecture.JavaArchitectureAnalysis.architecture-assessment.architecture-layouter-chain2.architecture-link-layouter (org.conqat.engine.blocklib.architecture.JavaArchitectureAnalysis.architecture-assessment.architecture-layouter-chain2.architecture-link-layouter)

* INFO  [main]: 2015-09-25 13:02:37,602: Processor 'org.conqat.engine.blocklib.architecture.JavaArchitectureAnalysis.architecture-assessment.architecture-layouter-chain2.architecture-link-layouter' used 0ms and 0kB. (org.conqat.engine.blocklib.architecture.JavaArchitectureAnalysis.architecture-assessment.architecture-layouter-chain2.architecture-link-layouter)

* INFO  [main]: 2015-09-25 13:02:37,602: Executing processor: org.conqat.engine.blocklib.architecture.JavaArchitectureAnalysis.architecture-assessment.architecture-layouter-chain2.architecture-layouter2.true.checked-optional.parameters-present-condition (org.conqat.engine.blocklib.architecture.JavaArchitectureAnalysis.architecture-assessment.architecture-layouter-chain2.architecture-layouter2.true.checked-optional.parameters-present-condition)

* INFO  [main]: 2015-09-25 13:02:37,711: Processor 'org.conqat.engine.blocklib.architecture.JavaArchitectureAnalysis.architecture-assessment.architecture-layouter-chain2.architecture-layouter2.true.checked-optional.parameters-present-condition' used 0ms and 0kB. (org.conqat.engine.blocklib.architecture.JavaArchitectureAnalysis.architecture-assessment.architecture-layouter-chain2.architecture-layouter2.true.checked-optional.parameters-present-condition)

* INFO  [main]: 2015-09-25 13:02:37,711: Executing processor: org.conqat.engine.blocklib.architecture.JavaArchitectureAnalysis.architecture-assessment.architecture-layouter-chain2.architecture-layouter2.true.boolean-constant (org.conqat.engine.blocklib.architecture.JavaArchitectureAnalysis.architecture-assessment.architecture-layouter-chain2.architecture-layouter2.true.boolean-constant)

* INFO  [main]: 2015-09-25 13:02:37,820: Processor 'org.conqat.engine.blocklib.architecture.JavaArchitectureAnalysis.architecture-assessment.architecture-layouter-chain2.architecture-layouter2.true.boolean-constant' used 0ms and 0kB. (org.conqat.engine.blocklib.architecture.JavaArchitectureAnalysis.architecture-assessment.architecture-layouter-chain2.architecture-layouter2.true.boolean-constant)

* INFO  [main]: 2015-09-25 13:02:37,820: Executing processor: org.conqat.engine.blocklib.architecture.JavaArchitectureAnalysis.architecture-assessment.architecture-layouter-chain2.architecture-layouter2.true.pick-first (org.conqat.engine.blocklib.architecture.JavaArchitectureAnalysis.architecture-assessment.architecture-layouter-chain2.architecture-layouter2.true.pick-first)

* INFO  [main]: 2015-09-25 13:02:37,820: Processor 'org.conqat.engine.blocklib.architecture.JavaArchitectureAnalysis.architecture-assessment.architecture-layouter-chain2.architecture-layouter2.true.pick-first' used 0ms and 0kB. (org.conqat.engine.blocklib.architecture.JavaArchitectureAnalysis.architecture-assessment.architecture-layouter-chain2.architecture-layouter2.true.pick-first)

* INFO  [main]: 2015-09-25 13:02:37,930: Executing processor: org.conqat.engine.blocklib.architecture.JavaArchitectureAnalysis.architecture-assessment.architecture-layouter-chain2.architecture-layouter2.component-info-annotator (org.conqat.engine.blocklib.architecture.JavaArchitectureAnalysis.architecture-assessment.architecture-layouter-chain2.architecture-layouter2.component-info-annotator)

* INFO  [main]: 2015-09-25 13:02:37,930: Processor 'org.conqat.engine.blocklib.architecture.JavaArchitectureAnalysis.architecture-assessment.architecture-layouter-chain2.architecture-layouter2.component-info-annotator' used 0ms and 0kB. (org.conqat.engine.blocklib.architecture.JavaArchitectureAnalysis.architecture-assessment.architecture-layouter-chain2.architecture-layouter2.component-info-annotator)

* INFO  [main]: 2015-09-25 13:02:37,930: Executing processor: org.conqat.engine.blocklib.architecture.JavaArchitectureAnalysis.architecture-assessment.architecture-layouter-chain2.architecture-layouter2.architecture-image-creator (org.conqat.engine.blocklib.architecture.JavaArchitectureAnalysis.architecture-assessment.architecture-layouter-chain2.architecture-layouter2.architecture-image-creator)

* INFO  [main]: 2015-09-25 13:02:37,930: Processor 'org.conqat.engine.blocklib.architecture.JavaArchitectureAnalysis.architecture-assessment.architecture-layouter-chain2.architecture-layouter2.architecture-image-creator' used 0ms and 0kB. (org.conqat.engine.blocklib.architecture.JavaArchitectureAnalysis.architecture-assessment.architecture-layouter-chain2.architecture-layouter2.architecture-image-creator)

* INFO  [main]: 2015-09-25 13:02:38,039: Executing processor: org.conqat.engine.blocklib.architecture.JavaArchitectureAnalysis.architecture-assessment.architecture-layouter-chain2.architecture-layouter2.html-image-renderer (org.conqat.engine.blocklib.architecture.JavaArchitectureAnalysis.architecture-assessment.architecture-layouter-chain2.architecture-layouter2.html-image-renderer)

* INFO  [main]: 2015-09-25 13:02:38,039: Writing target\site\conqat\images\[00000B].png (org.conqat.engine.blocklib.architecture.JavaArchitectureAnalysis.architecture-assessment.architecture-layouter-chain2.architecture-layouter2.html-image-renderer)

* INFO  [main]: 2015-09-25 13:02:38,258: Processor 'org.conqat.engine.blocklib.architecture.JavaArchitectureAnalysis.architecture-assessment.architecture-layouter-chain2.architecture-layouter2.html-image-renderer' used 219ms and 0kB. (org.conqat.engine.blocklib.architecture.JavaArchitectureAnalysis.architecture-assessment.architecture-layouter-chain2.architecture-layouter2.html-image-renderer)

* INFO  [main]: 2015-09-25 13:02:38,258: Executing processor: org.conqat.engine.blocklib.architecture.JavaArchitectureAnalysis.architecture-assessment.architecture-layouter-chain2.page-merge-layouter (org.conqat.engine.blocklib.architecture.JavaArchitectureAnalysis.architecture-assessment.architecture-layouter-chain2.page-merge-layouter)

* INFO  [main]: 2015-09-25 13:02:38,367: Processor 'org.conqat.engine.blocklib.architecture.JavaArchitectureAnalysis.architecture-assessment.architecture-layouter-chain2.page-merge-layouter' used 0ms and 0kB. (org.conqat.engine.blocklib.architecture.JavaArchitectureAnalysis.architecture-assessment.architecture-layouter-chain2.page-merge-layouter)

* INFO  [main]: 2015-09-25 13:02:38,367: Executing processor: org.conqat.engine.blocklib.architecture.JavaArchitectureAnalysis.architecture-assessment.architecture-layouter2.true.checked-optional.parameters-present-condition (org.conqat.engine.blocklib.architecture.JavaArchitectureAnalysis.architecture-assessment.architecture-layouter2.true.checked-optional.parameters-present-condition)

* INFO  [main]: 2015-09-25 13:02:38,476: Processor 'org.conqat.engine.blocklib.architecture.JavaArchitectureAnalysis.architecture-assessment.architecture-layouter2.true.checked-optional.parameters-present-condition' used 0ms and 0kB. (org.conqat.engine.blocklib.architecture.JavaArchitectureAnalysis.architecture-assessment.architecture-layouter2.true.checked-optional.parameters-present-condition)

* INFO  [main]: 2015-09-25 13:02:38,476: Executing processor: org.conqat.engine.blocklib.architecture.JavaArchitectureAnalysis.architecture-assessment.architecture-layouter2.true.boolean-constant (org.conqat.engine.blocklib.architecture.JavaArchitectureAnalysis.architecture-assessment.architecture-layouter2.true.boolean-constant)

* INFO  [main]: 2015-09-25 13:02:38,476: Processor 'org.conqat.engine.blocklib.architecture.JavaArchitectureAnalysis.architecture-assessment.architecture-layouter2.true.boolean-constant' used 0ms and 0kB. (org.conqat.engine.blocklib.architecture.JavaArchitectureAnalysis.architecture-assessment.architecture-layouter2.true.boolean-constant)

* INFO  [main]: 2015-09-25 13:02:38,476: Executing processor: org.conqat.engine.blocklib.architecture.JavaArchitectureAnalysis.architecture-assessment.architecture-layouter2.true.pick-first (org.conqat.engine.blocklib.architecture.JavaArchitectureAnalysis.architecture-assessment.architecture-layouter2.true.pick-first)

* INFO  [main]: 2015-09-25 13:02:38,476: Processor 'org.conqat.engine.blocklib.architecture.JavaArchitectureAnalysis.architecture-assessment.architecture-layouter2.true.pick-first' used 0ms and 0kB. (org.conqat.engine.blocklib.architecture.JavaArchitectureAnalysis.architecture-assessment.architecture-layouter2.true.pick-first)

* INFO  [main]: 2015-09-25 13:02:38,476: Executing processor: org.conqat.engine.blocklib.architecture.JavaArchitectureAnalysis.architecture-assessment.architecture-layouter2.component-info-annotator (org.conqat.engine.blocklib.architecture.JavaArchitectureAnalysis.architecture-assessment.architecture-layouter2.component-info-annotator)

* INFO  [main]: 2015-09-25 13:02:38,476: Processor 'org.conqat.engine.blocklib.architecture.JavaArchitectureAnalysis.architecture-assessment.architecture-layouter2.component-info-annotator' used 0ms and 0kB. (org.conqat.engine.blocklib.architecture.JavaArchitectureAnalysis.architecture-assessment.architecture-layouter2.component-info-annotator)

* INFO  [main]: 2015-09-25 13:02:38,476: Executing processor: org.conqat.engine.blocklib.architecture.JavaArchitectureAnalysis.architecture-assessment.architecture-layouter2.architecture-image-creator (org.conqat.engine.blocklib.architecture.JavaArchitectureAnalysis.architecture-assessment.architecture-layouter2.architecture-image-creator)

* INFO  [main]: 2015-09-25 13:02:38,586: Processor 'org.conqat.engine.blocklib.architecture.JavaArchitectureAnalysis.architecture-assessment.architecture-layouter2.architecture-image-creator' used 0ms and 0kB. (org.conqat.engine.blocklib.architecture.JavaArchitectureAnalysis.architecture-assessment.architecture-layouter2.architecture-image-creator)

* INFO  [main]: 2015-09-25 13:02:38,586: Executing processor: org.conqat.engine.blocklib.architecture.JavaArchitectureAnalysis.architecture-assessment.architecture-layouter2.html-image-renderer (org.conqat.engine.blocklib.architecture.JavaArchitectureAnalysis.architecture-assessment.architecture-layouter2.html-image-renderer)

* INFO  [main]: 2015-09-25 13:02:38,695: Writing target\site\conqat\images\[00000D].png (org.conqat.engine.blocklib.architecture.JavaArchitectureAnalysis.architecture-assessment.architecture-layouter2.html-image-renderer)

* INFO  [main]: 2015-09-25 13:02:38,851: Processor 'org.conqat.engine.blocklib.architecture.JavaArchitectureAnalysis.architecture-assessment.architecture-layouter2.html-image-renderer' used 156ms and 0kB. (org.conqat.engine.blocklib.architecture.JavaArchitectureAnalysis.architecture-assessment.architecture-layouter2.html-image-renderer)

* INFO  [main]: 2015-09-25 13:02:38,851: Executing processor: org.conqat.engine.blocklib.architecture.JavaArchitectureAnalysis.architecture-assessment.architecture-finding-creator (org.conqat.engine.blocklib.architecture.JavaArchitectureAnalysis.architecture-assessment.architecture-finding-creator)

* INFO  [main]: 2015-09-25 13:02:38,899: Processor 'org.conqat.engine.blocklib.architecture.JavaArchitectureAnalysis.architecture-assessment.architecture-finding-creator' used 0ms and 0kB. (org.conqat.engine.blocklib.architecture.JavaArchitectureAnalysis.architecture-assessment.architecture-finding-creator)

* INFO  [main]: 2015-09-25 13:02:38,899: Executing processor: org.conqat.engine.blocklib.architecture.JavaArchitectureAnalysis.architecture-assessment.findings-report-extractor (org.conqat.engine.blocklib.architecture.JavaArchitectureAnalysis.architecture-assessment.findings-report-extractor)

* INFO  [main]: 2015-09-25 13:02:38,899: Processor 'org.conqat.engine.blocklib.architecture.JavaArchitectureAnalysis.architecture-assessment.findings-report-extractor' used 0ms and 0kB. (org.conqat.engine.blocklib.architecture.JavaArchitectureAnalysis.architecture-assessment.findings-report-extractor)

* INFO  [main]: 2015-09-25 13:02:38,899: Executing processor: org.conqat.engine.blocklib.architecture.JavaArchitectureAnalysis.architecture-assessment.architecture-assessment-annotator (org.conqat.engine.blocklib.architecture.JavaArchitectureAnalysis.architecture-assessment.architecture-assessment-annotator)

* INFO  [main]: 2015-09-25 13:02:38,899: Processor 'org.conqat.engine.blocklib.architecture.JavaArchitectureAnalysis.architecture-assessment.architecture-assessment-annotator' used 0ms and 0kB. (org.conqat.engine.blocklib.architecture.JavaArchitectureAnalysis.architecture-assessment.architecture-assessment-annotator)

* INFO  [main]: 2015-09-25 13:02:38,986: Executing processor: org.conqat.engine.blocklib.architecture.JavaArchitectureAnalysis.architecture-assessment.architecture-layouter-chain.policy-list-creator (org.conqat.engine.blocklib.architecture.JavaArchitectureAnalysis.architecture-assessment.architecture-layouter-chain.policy-list-creator)

* INFO  [main]: 2015-09-25 13:02:38,987: Processor 'org.conqat.engine.blocklib.architecture.JavaArchitectureAnalysis.architecture-assessment.architecture-layouter-chain.policy-list-creator' used 1ms and 0kB. (org.conqat.engine.blocklib.architecture.JavaArchitectureAnalysis.architecture-assessment.architecture-layouter-chain.policy-list-creator)

* INFO  [main]: 2015-09-25 13:02:39,125: Executing processor: org.conqat.engine.blocklib.architecture.JavaArchitectureAnalysis.architecture-assessment.architecture-layouter-chain.table-layouter (org.conqat.engine.blocklib.architecture.JavaArchitectureAnalysis.architecture-assessment.architecture-layouter-chain.table-layouter)

* INFO  [main]: 2015-09-25 13:02:39,140: Processor 'org.conqat.engine.blocklib.architecture.JavaArchitectureAnalysis.architecture-assessment.architecture-layouter-chain.table-layouter' used 0ms and 0kB. (org.conqat.engine.blocklib.architecture.JavaArchitectureAnalysis.architecture-assessment.architecture-layouter-chain.table-layouter)

* INFO  [main]: 2015-09-25 13:02:39,140: Executing processor: org.conqat.engine.blocklib.architecture.JavaArchitectureAnalysis.architecture-assessment.architecture-layouter-chain.assessment-link-layouter (org.conqat.engine.blocklib.architecture.JavaArchitectureAnalysis.architecture-assessment.architecture-layouter-chain.assessment-link-layouter)

* INFO  [main]: 2015-09-25 13:02:39,226: Processor 'org.conqat.engine.blocklib.architecture.JavaArchitectureAnalysis.architecture-assessment.architecture-layouter-chain.assessment-link-layouter' used 15ms and 0kB. (org.conqat.engine.blocklib.architecture.JavaArchitectureAnalysis.architecture-assessment.architecture-layouter-chain.assessment-link-layouter)

* INFO  [main]: 2015-09-25 13:02:39,226: Executing processor: org.conqat.engine.blocklib.architecture.JavaArchitectureAnalysis.architecture-assessment.architecture-layouter-chain.architecture-link-layouter (org.conqat.engine.blocklib.architecture.JavaArchitectureAnalysis.architecture-assessment.architecture-layouter-chain.architecture-link-layouter)

* INFO  [main]: 2015-09-25 13:02:39,316: Processor 'org.conqat.engine.blocklib.architecture.JavaArchitectureAnalysis.architecture-assessment.architecture-layouter-chain.architecture-link-layouter' used 8ms and 0kB. (org.conqat.engine.blocklib.architecture.JavaArchitectureAnalysis.architecture-assessment.architecture-layouter-chain.architecture-link-layouter)

* INFO  [main]: 2015-09-25 13:02:39,316: Executing processor: org.conqat.engine.blocklib.architecture.JavaArchitectureAnalysis.architecture-assessment.architecture-layouter-chain.architecture-layouter2.true.checked-optional.parameters-present-condition (org.conqat.engine.blocklib.architecture.JavaArchitectureAnalysis.architecture-assessment.architecture-layouter-chain.architecture-layouter2.true.checked-optional.parameters-present-condition)

* INFO  [main]: 2015-09-25 13:02:39,427: Processor 'org.conqat.engine.blocklib.architecture.JavaArchitectureAnalysis.architecture-assessment.architecture-layouter-chain.architecture-layouter2.true.checked-optional.parameters-present-condition' used 0ms and 0kB. (org.conqat.engine.blocklib.architecture.JavaArchitectureAnalysis.architecture-assessment.architecture-layouter-chain.architecture-layouter2.true.checked-optional.parameters-present-condition)

* INFO  [main]: 2015-09-25 13:02:39,427: Executing processor: org.conqat.engine.blocklib.architecture.JavaArchitectureAnalysis.architecture-assessment.architecture-layouter-chain.architecture-layouter2.true.boolean-constant (org.conqat.engine.blocklib.architecture.JavaArchitectureAnalysis.architecture-assessment.architecture-layouter-chain.architecture-layouter2.true.boolean-constant)

* INFO  [main]: 2015-09-25 13:02:39,542: Processor 'org.conqat.engine.blocklib.architecture.JavaArchitectureAnalysis.architecture-assessment.architecture-layouter-chain.architecture-layouter2.true.boolean-constant' used 0ms and 0kB. (org.conqat.engine.blocklib.architecture.JavaArchitectureAnalysis.architecture-assessment.architecture-layouter-chain.architecture-layouter2.true.boolean-constant)

* INFO  [main]: 2015-09-25 13:02:39,542: Executing processor: org.conqat.engine.blocklib.architecture.JavaArchitectureAnalysis.architecture-assessment.architecture-layouter-chain.architecture-layouter2.true.pick-first (org.conqat.engine.blocklib.architecture.JavaArchitectureAnalysis.architecture-assessment.architecture-layouter-chain.architecture-layouter2.true.pick-first)

* INFO  [main]: 2015-09-25 13:02:39,628: Processor 'org.conqat.engine.blocklib.architecture.JavaArchitectureAnalysis.architecture-assessment.architecture-layouter-chain.architecture-layouter2.true.pick-first' used 0ms and 0kB. (org.conqat.engine.blocklib.architecture.JavaArchitectureAnalysis.architecture-assessment.architecture-layouter-chain.architecture-layouter2.true.pick-first)

* INFO  [main]: 2015-09-25 13:02:39,643: Executing processor: org.conqat.engine.blocklib.architecture.JavaArchitectureAnalysis.architecture-assessment.architecture-layouter-chain.architecture-layouter2.component-info-annotator (org.conqat.engine.blocklib.architecture.JavaArchitectureAnalysis.architecture-assessment.architecture-layouter-chain.architecture-layouter2.component-info-annotator)

* INFO  [main]: 2015-09-25 13:02:39,643: Processor 'org.conqat.engine.blocklib.architecture.JavaArchitectureAnalysis.architecture-assessment.architecture-layouter-chain.architecture-layouter2.component-info-annotator' used 0ms and 0kB. (org.conqat.engine.blocklib.architecture.JavaArchitectureAnalysis.architecture-assessment.architecture-layouter-chain.architecture-layouter2.component-info-annotator)

* INFO  [main]: 2015-09-25 13:02:39,643: Executing processor: org.conqat.engine.blocklib.architecture.JavaArchitectureAnalysis.architecture-assessment.architecture-layouter-chain.architecture-layouter2.architecture-image-creator (org.conqat.engine.blocklib.architecture.JavaArchitectureAnalysis.architecture-assessment.architecture-layouter-chain.architecture-layouter2.architecture-image-creator)

* INFO  [main]: 2015-09-25 13:02:39,643: Processor 'org.conqat.engine.blocklib.architecture.JavaArchitectureAnalysis.architecture-assessment.architecture-layouter-chain.architecture-layouter2.architecture-image-creator' used 0ms and 0kB. (org.conqat.engine.blocklib.architecture.JavaArchitectureAnalysis.architecture-assessment.architecture-layouter-chain.architecture-layouter2.architecture-image-creator)

* INFO  [main]: 2015-09-25 13:02:39,643: Executing processor: org.conqat.engine.blocklib.architecture.JavaArchitectureAnalysis.architecture-assessment.architecture-layouter-chain.architecture-layouter2.html-image-renderer (org.conqat.engine.blocklib.architecture.JavaArchitectureAnalysis.architecture-assessment.architecture-layouter-chain.architecture-layouter2.html-image-renderer)

* INFO  [main]: 2015-09-25 13:02:39,752: Writing target\site\conqat\images\[000011].png (org.conqat.engine.blocklib.architecture.JavaArchitectureAnalysis.architecture-assessment.architecture-layouter-chain.architecture-layouter2.html-image-renderer)

* INFO  [main]: 2015-09-25 13:02:39,872: Processor 'org.conqat.engine.blocklib.architecture.JavaArchitectureAnalysis.architecture-assessment.architecture-layouter-chain.architecture-layouter2.html-image-renderer' used 120ms and 0kB. (org.conqat.engine.blocklib.architecture.JavaArchitectureAnalysis.architecture-assessment.architecture-layouter-chain.architecture-layouter2.html-image-renderer)

* INFO  [main]: 2015-09-25 13:02:39,872: Executing processor: org.conqat.engine.blocklib.architecture.JavaArchitectureAnalysis.architecture-assessment.architecture-layouter-chain.page-merge-layouter (org.conqat.engine.blocklib.architecture.JavaArchitectureAnalysis.architecture-assessment.architecture-layouter-chain.page-merge-layouter)

* INFO  [main]: 2015-09-25 13:02:39,933: Processor 'org.conqat.engine.blocklib.architecture.JavaArchitectureAnalysis.architecture-assessment.architecture-layouter-chain.page-merge-layouter' used 1ms and 0kB. (org.conqat.engine.blocklib.architecture.JavaArchitectureAnalysis.architecture-assessment.architecture-layouter-chain.page-merge-layouter)

* INFO  [main]: 2015-09-25 13:02:39,933: Executing processor: org.conqat.engine.blocklib.architecture.JavaArchitectureAnalysis.presentation (org.conqat.engine.blocklib.architecture.JavaArchitectureAnalysis.presentation)

* INFO  [main]: 2015-09-25 13:02:40,033: Compiling JavaScript. (org.conqat.engine.blocklib.architecture.JavaArchitectureAnalysis.presentation)

* INFO  [main]: 2015-09-25 13:02:41,093: Preparation of scripts took 1.06 seconds (org.conqat.engine.blocklib.architecture.JavaArchitectureAnalysis.presentation)

* INFO  [main]: 2015-09-25 13:02:41,095: Compiling 137 JavaScript files. (org.conqat.engine.blocklib.architecture.JavaArchitectureAnalysis.presentation)

* INFO  [main]: 2015-09-25 13:02:41,126: Reusing cached JavaScript, skipping compilation. (org.conqat.engine.blocklib.architecture.JavaArchitectureAnalysis.presentation)

* INFO  [main]: 2015-09-25 13:02:41,129: Compilation/loading of script took 0.034 seconds and produced a script of size 715652 (org.conqat.engine.blocklib.architecture.JavaArchitectureAnalysis.presentation)

* INFO  [main]: 2015-09-25 13:02:41,216: Processor 'org.conqat.engine.blocklib.architecture.JavaArchitectureAnalysis.presentation' used 1.283ms and 51.408kB. (org.conqat.engine.blocklib.architecture.JavaArchitectureAnalysis.presentation)

* INFO  [main]: 2015-09-25 13:02:41,216: Executing shutdown hook for processor: org.conqat.engine.blocklib.architecture.JavaArchitectureAnalysis.architecture-assessment.user-log-layouter (org.conqat.engine.blocklib.architecture.JavaArchitectureAnalysis.architecture-assessment.user-log-layouter)

* INFO  [main]: 2015-09-25 13:02:41,219: Execution of shutdown hook completed for org.conqat.engine.blocklib.architecture.JavaArchitectureAnalysis.architecture-assessment.user-log-layouter (org.conqat.engine.blocklib.architecture.JavaArchitectureAnalysis.architecture-assessment.user-log-layouter)

* INFO  [main]: 2015-09-25 13:02:41,268: Executing shutdown hook for processor: org.conqat.engine.blocklib.architecture.JavaArchitectureAnalysis.presentation (org.conqat.engine.blocklib.architecture.JavaArchitectureAnalysis.presentation)

* INFO  [main]: 2015-09-25 13:02:41,750: Output written to: C:\DEV\git\Aludra\cloud-manager-api\target\site\conqat\index.html (org.conqat.engine.blocklib.architecture.JavaArchitectureAnalysis.presentation)

* INFO  [main]: 2015-09-25 13:02:41,750: Execution of shutdown hook completed for org.conqat.engine.blocklib.architecture.JavaArchitectureAnalysis.presentation (org.conqat.engine.blocklib.architecture.JavaArchitectureAnalysis.presentation)

* INFO  [main]: 2015-09-25 13:02:41,750: Max memory: 75.848kB.

* INFO  [main]: 2015-09-25 13:02:41,750: Total time: 9s

